$@MID@$: 4
Date: Mon, 15 Apr 2024 15:45:03 +0000
Sample #: 004
Number of pCO2 Samples: 1
Number of TIC Samples: 1
Number of Chl_a Samples: 2
Number of CDOM Samples: 1
Number of HPLC Samples: 
Number of ABS Samples: 0
Number of Other Samples: 2
Other Sample/s not Listed: salts, oxygen
Sample ID: 503005
Paper log Completed: Yes
Author: Lindsay Beazley
Time|Position: 2024-04-15 | 154329.00 | 42 53.9353302 N | 69 16.3459376 W
Mission: TEL2024880
PI: Lindsay Beazley
Revisions: 
Attachment: 
Encoding: HTML
========================================

