$@MID@$: 1
Date: Thu, 11 Apr 2024 18:26:40 +0000
Sample #: 001
Number of pCO2 Samples: 1
Number of TIC Samples: 1
Number of Chl_a Samples: 2
Number of CDOM Samples: 1
Number of HPLC Samples: 1
Number of ABS Samples: 1
Number of Other Samples: 3
Other Sample/s not Listed: salts, oxygen
Sample ID: 503002
Paper log Completed: Yes
Author: Lindsay Beazley
Time|Position: 2024-04-11 | 182447.00 | 44 01.2221079 N | 63 02.7357246 W
Mission: TEL2024880
PI: Lindsay Beazley
Revisions: 14/Apr/2024 18:58:07
Attachment: 
Encoding: HTML
========================================

