$@MID@$: 3
Date: Sun, 14 Apr 2024 18:57:27 +0000
Sample #: 003
Number of pCO2 Samples: 1
Number of TIC Samples: 1
Number of Chl_a Samples: 2
Number of CDOM Samples: 1
Number of HPLC Samples: 0
Number of ABS Samples: 0
Number of Other Samples: 0
Other Sample/s not Listed: salts, oxygen
Sample ID: 503004
Paper log Completed: Yes
Author: Lindsay Beazley
Time|Position: 2024-04-14 | 185526.00 | 43 29.0022128 N | 68 06.0314082 W
Mission: TEL2024880
PI: Lindsay Beazley
Revisions: 
Attachment: 
Encoding: HTML
========================================

