$@MID@$: 2
Date: Sat, 13 Apr 2024 15:06:25 +0000
Sample #: 002
Number of pCO2 Samples: 1
Number of TIC Samples: 1
Number of Chl_a Samples: 2
Number of CDOM Samples: 1
Number of HPLC Samples: 0
Number of ABS Samples: 0
Number of Other Samples: 2
Other Sample/s not Listed: salts, oxygen
Sample ID: 503003
Paper log Completed: Yes
Author: Lindsay Beazley
Time|Position: 2024-04-13 | 150446.00 | 43 07.5259021 N | 63 22.5142733 W
Mission: TEL2024880
PI: Lindsay Beazley
Revisions: 14/Apr/2024 18:57:55
Attachment: 
Encoding: HTML
========================================

